Using pre-set license
Built from '2020.2/release' branch; Version is '2020.2.1f1 (270dd8c3da1c) revision 2559448'; Using compiler version '192528614'; Build Type 'Release'
OS: 'Windows 10  (10.0.0) 64bit' Language: 'en' Physical Memory: 16182 MB
BatchMode: 1, IsHumanControllingUs: 0, StartBugReporterOnCrash: 0, Is64bit: 1, IsPro: 0

 COMMAND LINE ARGUMENTS:
C:\Users\User\Documents\game creation\2020.2.1f1\Editor\Unity.exe
-adb2
-batchMode
-noUpm
-name
AssetImportWorker0
-projectPath
C:/Users/User/Documents/GitHub/learning.unity/car world
-logFile
Logs/AssetImportWorker0.log
-srvPort
53920
Successfully changed project path to: C:/Users/User/Documents/GitHub/learning.unity/car world
C:/Users/User/Documents/GitHub/learning.unity/car world
Using Asset Import Pipeline V2.
Refreshing native plugins compatible for Editor in 333.35 ms, found 0 plugins.
Preloading 0 native plugins for Editor in 0.00 ms.
Initialize engine version: 2020.2.1f1 (270dd8c3da1c)
[Subsystems] Discovering subsystems at path C:/Users/User/Documents/game creation/2020.2.1f1/Editor/Data/Resources/UnitySubsystems
[Subsystems] Discovering subsystems at path C:/Users/User/Documents/GitHub/learning.unity/car world/Assets
GfxDevice: creating device client; threaded=0
Direct3D:
    Version:  Direct3D 11.0 [level 11.1]
    Renderer: NVIDIA GeForce MX250 (ID=0x1d52)
    Vendor:   
    VRAM:     1983 MB
    Driver:   27.21.14.6140
Initialize mono
Mono path[0] = 'C:/Users/User/Documents/game creation/2020.2.1f1/Editor/Data/Managed'
Mono path[1] = 'C:/Users/User/Documents/game creation/2020.2.1f1/Editor/Data/MonoBleedingEdge/lib/mono/unityjit'
Mono config path = 'C:/Users/User/Documents/game creation/2020.2.1f1/Editor/Data/MonoBleedingEdge/etc'
Using monoOptions --debugger-agent=transport=dt_socket,embedding=1,server=y,suspend=n,address=127.0.0.1:56320
Begin MonoManager ReloadAssembly
Registering precompiled unity dll's ...
Register platform support module: C:/Users/User/Documents/game creation/2020.2.1f1/Editor/Data/PlaybackEngines/MacStandaloneSupport/UnityEditor.OSXStandalone.Extensions.dll
Register platform support module: C:/Users/User/Documents/game creation/2020.2.1f1/Editor/Data/PlaybackEngines/WindowsStandaloneSupport/UnityEditor.WindowsStandalone.Extensions.dll
Registered in 0.006538 seconds.
Native extension for WindowsStandalone target not found
Native extension for OSXStandalone target not found
Refreshing native plugins compatible for Editor in 53.32 ms, found 0 plugins.
Preloading 0 native plugins for Editor in 0.00 ms.
Invoked RoslynAnalysisRunner static constructor.
RoslynAnalysisRunner will not be running.
RoslynAnalysisRunner has terminated.
Mono: successfully reloaded assembly
- Completed reload, in  6.665 seconds
Platform modules already initialized, skipping
Registering precompiled user dll's ...
Registered in 0.002052 seconds.
Begin MonoManager ReloadAssembly
Native extension for WindowsStandalone target not found
Native extension for OSXStandalone target not found
Refreshing native plugins compatible for Editor in 0.38 ms, found 0 plugins.
Preloading 0 native plugins for Editor in 0.00 ms.
Invoked RoslynAnalysisRunner static constructor.
RoslynAnalysisRunner will not be running.
RoslynAnalysisRunner has terminated.
Mono: successfully reloaded assembly
- Completed reload, in  1.444 seconds
Platform modules already initialized, skipping
========================================================================
Worker process is ready to serve import requests
Launched and connected shader compiler UnityShaderCompiler.exe after 0.09 seconds
Refreshing native plugins compatible for Editor in 0.63 ms, found 0 plugins.
Preloading 0 native plugins for Editor in 0.00 ms.
Unloading 1097 Unused Serialized files (Serialized files now loaded: 0)
System memory in use before: 58.8 MB.
System memory in use after: 58.9 MB.

Unloading 10 unused Assets to reduce memory usage. Loaded Objects now: 1539.
Total: 3.148500 ms (FindLiveObjects: 0.274600 ms CreateObjectMapping: 0.167200 ms MarkObjects: 2.596300 ms  DeleteObjects: 0.108200 ms)

========================================================================
Received Import Request.
  path: Assets/resetRotation.cs
  artifactKey: Guid(7c4284337ef529743b09b2c4309ebe18) Importer(815301076,1909f56bfc062723c751e8b465ee728b)
Start importing Assets/resetRotation.cs using Guid(7c4284337ef529743b09b2c4309ebe18) Importer(815301076,1909f56bfc062723c751e8b465ee728b)  -> (artifact id: '65ebd2564b5ff2e1682b7f9ab56ae868') in 0.065507 seconds
  Import took 0.071341 seconds .

========================================================================
Received Prepare
Registering precompiled user dll's ...
Registered in 0.000839 seconds.
Begin MonoManager ReloadAssembly
Native extension for WindowsStandalone target not found
Native extension for OSXStandalone target not found
Refreshing native plugins compatible for Editor in 0.41 ms, found 0 plugins.
Preloading 0 native plugins for Editor in 0.00 ms.
Invoked RoslynAnalysisRunner static constructor.
RoslynAnalysisRunner will not be running.
RoslynAnalysisRunner has terminated.
Mono: successfully reloaded assembly
- Completed reload, in  1.030 seconds
Platform modules already initialized, skipping
Refreshing native plugins compatible for Editor in 0.50 ms, found 0 plugins.
Preloading 0 native plugins for Editor in 0.00 ms.
Unloading 1091 Unused Serialized files (Serialized files now loaded: 0)
System memory in use before: 59.1 MB.
System memory in use after: 59.2 MB.

Unloading 6 unused Assets to reduce memory usage. Loaded Objects now: 1540.
Total: 1.732500 ms (FindLiveObjects: 0.192100 ms CreateObjectMapping: 0.042300 ms MarkObjects: 1.444100 ms  DeleteObjects: 0.052800 ms)

========================================================================
Received Import Request.
  Time since last request: 72.539243 seconds.
  path: Assets/RotationReset.cs
  artifactKey: Guid(070a5e7707db7134fb913aecf70b35ea) Importer(815301076,1909f56bfc062723c751e8b465ee728b)
Start importing Assets/RotationReset.cs using Guid(070a5e7707db7134fb913aecf70b35ea) Importer(815301076,1909f56bfc062723c751e8b465ee728b)  -> (artifact id: '2c0bb14d2f62c2bbdd35ffdb4f1cd1a9') in 0.016122 seconds
  Import took 0.018773 seconds .

========================================================================
Received Prepare
Registering precompiled user dll's ...
Registered in 0.000609 seconds.
Begin MonoManager ReloadAssembly
Native extension for WindowsStandalone target not found
Native extension for OSXStandalone target not found
Refreshing native plugins compatible for Editor in 0.28 ms, found 0 plugins.
Preloading 0 native plugins for Editor in 0.00 ms.
Invoked RoslynAnalysisRunner static constructor.
RoslynAnalysisRunner will not be running.
RoslynAnalysisRunner has terminated.
Mono: successfully reloaded assembly
- Completed reload, in  0.742 seconds
Platform modules already initialized, skipping
Refreshing native plugins compatible for Editor in 0.44 ms, found 0 plugins.
Preloading 0 native plugins for Editor in 0.00 ms.
Unloading 1092 Unused Serialized files (Serialized files now loaded: 0)
System memory in use before: 60.2 MB.
System memory in use after: 60.2 MB.

Unloading 5 unused Assets to reduce memory usage. Loaded Objects now: 1543.
Total: 2.019200 ms (FindLiveObjects: 0.157800 ms CreateObjectMapping: 0.043300 ms MarkObjects: 1.771400 ms  DeleteObjects: 0.045400 ms)

========================================================================
Received Prepare
Registering precompiled user dll's ...
Registered in 0.000992 seconds.
Begin MonoManager ReloadAssembly
Native extension for WindowsStandalone target not found
Native extension for OSXStandalone target not found
Refreshing native plugins compatible for Editor in 0.35 ms, found 0 plugins.
Preloading 0 native plugins for Editor in 0.00 ms.
Invoked RoslynAnalysisRunner static constructor.
RoslynAnalysisRunner will not be running.
RoslynAnalysisRunner has terminated.
Mono: successfully reloaded assembly
- Completed reload, in  0.779 seconds
Platform modules already initialized, skipping
Refreshing native plugins compatible for Editor in 0.35 ms, found 0 plugins.
Preloading 0 native plugins for Editor in 0.00 ms.
Unloading 1091 Unused Serialized files (Serialized files now loaded: 0)
System memory in use before: 60.2 MB.
System memory in use after: 60.2 MB.

Unloading 6 unused Assets to reduce memory usage. Loaded Objects now: 1544.
Total: 1.570800 ms (FindLiveObjects: 0.177500 ms CreateObjectMapping: 0.029600 ms MarkObjects: 1.316700 ms  DeleteObjects: 0.045900 ms)

AssetImportWorkerClient::OnTransportError - code=2 error=End of file
